<?xml version="1.0" encoding="UTF-8"?>
<coverage generated="1611083050490" clover="3.2.0">
  <project timestamp="1611083050490" name="All files">
    <metrics statements="76" coveredstatements="55" conditionals="25" coveredconditionals="10" methods="20" coveredmethods="12" elements="121" coveredelements="77" complexity="0" loc="76" ncloc="76" packages="8" files="16" classes="16"/>
    <package name="assets.images">
      <metrics statements="1" coveredstatements="1" conditionals="0" coveredconditionals="0" methods="0" coveredmethods="0"/>
      <file name="google.png" path="D:\Brightcoders\kata-04-reservacion-de-vuelos-team-02-nov\ReservacionDeVuelos\src\assets\images\google.png">
        <metrics statements="1" coveredstatements="1" conditionals="0" coveredconditionals="0" methods="0" coveredmethods="0"/>
        <line num="1" count="3" type="stmt"/>
      </file>
    </package>
    <package name="components.atoms.SignUpAtoms">
      <metrics statements="23" coveredstatements="21" conditionals="12" coveredconditionals="10" methods="11" coveredmethods="10"/>
      <file name="GoogleSignUp.js" path="D:\Brightcoders\kata-04-reservacion-de-vuelos-team-02-nov\ReservacionDeVuelos\src\components\atoms\SignUpAtoms\GoogleSignUp.js">
        <metrics statements="2" coveredstatements="2" conditionals="0" coveredconditionals="0" methods="1" coveredmethods="1"/>
        <line num="6" count="3" type="stmt"/>
        <line num="7" count="3" type="stmt"/>
      </file>
      <file name="LoginMessage.js" path="D:\Brightcoders\kata-04-reservacion-de-vuelos-team-02-nov\ReservacionDeVuelos\src\components\atoms\SignUpAtoms\LoginMessage.js">
        <metrics statements="2" coveredstatements="2" conditionals="0" coveredconditionals="0" methods="1" coveredmethods="1"/>
        <line num="5" count="3" type="stmt"/>
        <line num="6" count="1" type="stmt"/>
      </file>
      <file name="SignUpButton.js" path="D:\Brightcoders\kata-04-reservacion-de-vuelos-team-02-nov\ReservacionDeVuelos\src\components\atoms\SignUpAtoms\SignUpButton.js">
        <metrics statements="3" coveredstatements="3" conditionals="4" coveredconditionals="4" methods="2" coveredmethods="2"/>
        <line num="7" count="3" type="stmt"/>
        <line num="8" count="10" type="stmt"/>
        <line num="16" count="2" type="cond" truecount="2" falsecount="0"/>
      </file>
      <file name="SignUpButtons.js" path="D:\Brightcoders\kata-04-reservacion-de-vuelos-team-02-nov\ReservacionDeVuelos\src\components\atoms\SignUpAtoms\SignUpButtons.js">
        <metrics statements="6" coveredstatements="4" conditionals="0" coveredconditionals="0" methods="2" coveredmethods="1"/>
        <line num="9" count="2" type="stmt"/>
        <line num="10" count="1" type="stmt"/>
        <line num="11" count="1" type="stmt"/>
        <line num="12" count="0" type="stmt"/>
        <line num="13" count="0" type="stmt"/>
        <line num="15" count="1" type="stmt"/>
      </file>
      <file name="SignUpFormCheckBox.js" path="D:\Brightcoders\kata-04-reservacion-de-vuelos-team-02-nov\ReservacionDeVuelos\src\components\atoms\SignUpAtoms\SignUpFormCheckBox.js">
        <metrics statements="4" coveredstatements="4" conditionals="0" coveredconditionals="0" methods="2" coveredmethods="2"/>
        <line num="5" count="3" type="stmt"/>
        <line num="12" count="1" type="stmt"/>
        <line num="13" count="1" type="stmt"/>
        <line num="19" count="1" type="stmt"/>
      </file>
      <file name="SignUpFormInput.js" path="D:\Brightcoders\kata-04-reservacion-de-vuelos-team-02-nov\ReservacionDeVuelos\src\components\atoms\SignUpAtoms\SignUpFormInput.js">
        <metrics statements="4" coveredstatements="4" conditionals="8" coveredconditionals="6" methods="2" coveredmethods="2"/>
        <line num="6" count="3" type="stmt"/>
        <line num="16" count="11" type="stmt"/>
        <line num="18" count="11" type="stmt"/>
        <line num="31" count="1" type="stmt"/>
      </file>
      <file name="SignUpTitle.js" path="D:\Brightcoders\kata-04-reservacion-de-vuelos-team-02-nov\ReservacionDeVuelos\src\components\atoms\SignUpAtoms\SignUpTitle.js">
        <metrics statements="2" coveredstatements="2" conditionals="0" coveredconditionals="0" methods="1" coveredmethods="1"/>
        <line num="5" count="2" type="stmt"/>
        <line num="6" count="3" type="stmt"/>
      </file>
    </package>
    <package name="components.molecules">
      <metrics statements="3" coveredstatements="3" conditionals="0" coveredconditionals="0" methods="1" coveredmethods="1"/>
      <file name="SignUpForm.js" path="D:\Brightcoders\kata-04-reservacion-de-vuelos-team-02-nov\ReservacionDeVuelos\src\components\molecules\SignUpForm.js">
        <metrics statements="3" coveredstatements="3" conditionals="0" coveredconditionals="0" methods="1" coveredmethods="1"/>
        <line num="14" count="2" type="stmt"/>
        <line num="15" count="2" type="stmt"/>
        <line num="16" count="2" type="stmt"/>
      </file>
    </package>
    <package name="screens">
      <metrics statements="4" coveredstatements="4" conditionals="0" coveredconditionals="0" methods="1" coveredmethods="1"/>
      <file name="SignUp.js" path="D:\Brightcoders\kata-04-reservacion-de-vuelos-team-02-nov\ReservacionDeVuelos\src\screens\SignUp.js">
        <metrics statements="4" coveredstatements="4" conditionals="0" coveredconditionals="0" methods="1" coveredmethods="1"/>
        <line num="8" count="1" type="stmt"/>
        <line num="9" count="2" type="stmt"/>
        <line num="22" count="2" type="stmt"/>
        <line num="29" count="2" type="stmt"/>
      </file>
    </package>
    <package name="styles">
      <metrics statements="1" coveredstatements="1" conditionals="0" coveredconditionals="0" methods="0" coveredmethods="0"/>
      <file name="Colors.js" path="D:\Brightcoders\kata-04-reservacion-de-vuelos-team-02-nov\ReservacionDeVuelos\src\styles\Colors.js">
        <metrics statements="1" coveredstatements="1" conditionals="0" coveredconditionals="0" methods="0" coveredmethods="0"/>
        <line num="1" count="9" type="stmt"/>
      </file>
    </package>
    <package name="styles.SignUpStyles">
      <metrics statements="1" coveredstatements="1" conditionals="0" coveredconditionals="0" methods="0" coveredmethods="0"/>
      <file name="index.js" path="D:\Brightcoders\kata-04-reservacion-de-vuelos-team-02-nov\ReservacionDeVuelos\src\styles\SignUpStyles\index.js">
        <metrics statements="1" coveredstatements="1" conditionals="0" coveredconditionals="0" methods="0" coveredmethods="0"/>
        <line num="4" count="9" type="stmt"/>
      </file>
    </package>
    <package name="utils.Constants">
      <metrics statements="16" coveredstatements="16" conditionals="0" coveredconditionals="0" methods="0" coveredmethods="0"/>
      <file name="SignUpConstants.js" path="D:\Brightcoders\kata-04-reservacion-de-vuelos-team-02-nov\ReservacionDeVuelos\src\utils\Constants\SignUpConstants.js">
        <metrics statements="16" coveredstatements="16" conditionals="0" coveredconditionals="0" methods="0" coveredmethods="0"/>
        <line num="1" count="8" type="stmt"/>
        <line num="2" count="8" type="stmt"/>
        <line num="3" count="8" type="stmt"/>
        <line num="4" count="8" type="stmt"/>
        <line num="5" count="8" type="stmt"/>
        <line num="6" count="8" type="stmt"/>
        <line num="8" count="8" type="stmt"/>
        <line num="9" count="8" type="stmt"/>
        <line num="10" count="8" type="stmt"/>
        <line num="11" count="8" type="stmt"/>
        <line num="12" count="8" type="stmt"/>
        <line num="13" count="8" type="stmt"/>
        <line num="14" count="8" type="stmt"/>
        <line num="15" count="8" type="stmt"/>
        <line num="16" count="8" type="stmt"/>
        <line num="17" count="8" type="stmt"/>
      </file>
      <file name="index.js" path="D:\Brightcoders\kata-04-reservacion-de-vuelos-team-02-nov\ReservacionDeVuelos\src\utils\Constants\index.js">
        <metrics statements="0" coveredstatements="0" conditionals="0" coveredconditionals="0" methods="0" coveredmethods="0"/>
      </file>
    </package>
    <package name="utils.Functions">
      <metrics statements="27" coveredstatements="8" conditionals="13" coveredconditionals="0" methods="7" coveredmethods="0"/>
      <file name="SignUpFunctions.js" path="D:\Brightcoders\kata-04-reservacion-de-vuelos-team-02-nov\ReservacionDeVuelos\src\utils\Functions\SignUpFunctions.js">
        <metrics statements="27" coveredstatements="8" conditionals="13" coveredconditionals="0" methods="7" coveredmethods="0"/>
        <line num="1" count="3" type="stmt"/>
        <line num="2" count="0" type="cond" truecount="0" falsecount="2"/>
        <line num="3" count="0" type="stmt"/>
        <line num="10" count="0" type="stmt"/>
        <line num="14" count="3" type="stmt"/>
        <line num="15" count="3" type="stmt"/>
        <line num="16" count="0" type="cond" truecount="0" falsecount="2"/>
        <line num="17" count="0" type="stmt"/>
        <line num="24" count="0" type="stmt"/>
        <line num="33" count="3" type="stmt"/>
        <line num="34" count="0" type="stmt"/>
        <line num="36" count="3" type="stmt"/>
        <line num="37" count="0" type="stmt"/>
        <line num="39" count="3" type="stmt"/>
        <line num="40" count="0" type="cond" truecount="0" falsecount="2"/>
        <line num="41" count="0" type="stmt"/>
        <line num="48" count="0" type="stmt"/>
        <line num="57" count="3" type="stmt"/>
        <line num="64" count="0" type="stmt"/>
        <line num="65" count="0" type="cond" truecount="0" falsecount="2"/>
        <line num="72" count="0" type="stmt"/>
        <line num="74" count="0" type="stmt"/>
        <line num="78" count="3" type="stmt"/>
        <line num="79" count="0" type="stmt"/>
        <line num="80" count="0" type="stmt"/>
        <line num="81" count="0" type="stmt"/>
        <line num="82" count="0" type="stmt"/>
      </file>
      <file name="index.js" path="D:\Brightcoders\kata-04-reservacion-de-vuelos-team-02-nov\ReservacionDeVuelos\src\utils\Functions\index.js">
        <metrics statements="0" coveredstatements="0" conditionals="0" coveredconditionals="0" methods="0" coveredmethods="0"/>
      </file>
    </package>
  </project>
</coverage>
