{"D:\\Brightcoders\\kata-04-reservacion-de-vuelos-team-02-nov\\ReservacionDeVuelos\\src\\assets\\images\\google.png": {"path":"D:\\Brightcoders\\kata-04-reservacion-de-vuelos-team-02-nov\\ReservacionDeVuelos\\src\\assets\\images\\google.png","statementMap":{"0":{"start":{"line":1,"column":0},"end":{"line":4,"column":6}}},"fnMap":{},"branchMap":{},"s":{"0":3},"f":{},"b":{},"inputSourceMap":null,"_coverageSchema":"1a1c01bbd47fc00a2c39e90264f33305004495a9","hash":"8a43dd70fbc234664b76384563b270ead18ab120"}
,"D:\\Brightcoders\\kata-04-reservacion-de-vuelos-team-02-nov\\ReservacionDeVuelos\\src\\components\\atoms\\SignUpAtoms\\GoogleSignUp.js": {"path":"D:\\Brightcoders\\kata-04-reservacion-de-vuelos-team-02-nov\\ReservacionDeVuelos\\src\\components\\atoms\\SignUpAtoms\\GoogleSignUp.js","statementMap":{"0":{"start":{"line":6,"column":21},"end":{"line":19,"column":1}},"1":{"start":{"line":7,"column":2},"end":{"line":18,"column":4}}},"fnMap":{"0":{"name":"(anonymous_0)","decl":{"start":{"line":6,"column":21},"end":{"line":6,"column":22}},"loc":{"start":{"line":6,"column":27},"end":{"line":19,"column":1}},"line":6}},"branchMap":{},"s":{"0":3,"1":3},"f":{"0":3},"b":{},"_coverageSchema":"1a1c01bbd47fc00a2c39e90264f33305004495a9","hash":"7535a80d101e55d98fcd137df6f9b6dabe3ac7ff"}
,"D:\\Brightcoders\\kata-04-reservacion-de-vuelos-team-02-nov\\ReservacionDeVuelos\\src\\components\\atoms\\SignUpAtoms\\LoginMessage.js": {"path":"D:\\Brightcoders\\kata-04-reservacion-de-vuelos-team-02-nov\\ReservacionDeVuelos\\src\\components\\atoms\\SignUpAtoms\\LoginMessage.js","statementMap":{"0":{"start":{"line":5,"column":21},"end":{"line":14,"column":1}},"1":{"start":{"line":6,"column":2},"end":{"line":13,"column":4}}},"fnMap":{"0":{"name":"(anonymous_0)","decl":{"start":{"line":5,"column":21},"end":{"line":5,"column":22}},"loc":{"start":{"line":5,"column":27},"end":{"line":14,"column":1}},"line":5}},"branchMap":{},"s":{"0":3,"1":1},"f":{"0":1},"b":{},"_coverageSchema":"1a1c01bbd47fc00a2c39e90264f33305004495a9","hash":"537da4c462578523393d821054ddaac30ac8e28b"}
,"D:\\Brightcoders\\kata-04-reservacion-de-vuelos-team-02-nov\\ReservacionDeVuelos\\src\\components\\atoms\\SignUpAtoms\\SignUpButton.js": {"path":"D:\\Brightcoders\\kata-04-reservacion-de-vuelos-team-02-nov\\ReservacionDeVuelos\\src\\components\\atoms\\SignUpAtoms\\SignUpButton.js","statementMap":{"0":{"start":{"line":7,"column":21},"end":{"line":25,"column":1}},"1":{"start":{"line":8,"column":2},"end":{"line":24,"column":4}},"2":{"start":{"line":16,"column":8},"end":{"line":18,"column":41}}},"fnMap":{"0":{"name":"(anonymous_0)","decl":{"start":{"line":7,"column":21},"end":{"line":7,"column":22}},"loc":{"start":{"line":7,"column":70},"end":{"line":25,"column":1}},"line":7},"1":{"name":"(anonymous_1)","decl":{"start":{"line":15,"column":15},"end":{"line":15,"column":16}},"loc":{"start":{"line":15,"column":21},"end":{"line":19,"column":7}},"line":15}},"branchMap":{"0":{"loc":{"start":{"line":13,"column":26},"end":{"line":13,"column":76}},"type":"cond-expr","locations":[{"start":{"line":13,"column":44},"end":{"line":13,"column":57}},{"start":{"line":13,"column":60},"end":{"line":13,"column":76}}],"line":13},"1":{"loc":{"start":{"line":16,"column":8},"end":{"line":18,"column":40}},"type":"cond-expr","locations":[{"start":{"line":17,"column":12},"end":{"line":17,"column":36}},{"start":{"line":18,"column":12},"end":{"line":18,"column":40}}],"line":16}},"s":{"0":3,"1":10,"2":2},"f":{"0":10,"1":2},"b":{"0":[1,9],"1":[1,1]},"_coverageSchema":"1a1c01bbd47fc00a2c39e90264f33305004495a9","hash":"8402cebcfdec119cf0f785733d1a19da85275a09"}
,"D:\\Brightcoders\\kata-04-reservacion-de-vuelos-team-02-nov\\ReservacionDeVuelos\\src\\components\\atoms\\SignUpAtoms\\SignUpButtons.js": {"path":"D:\\Brightcoders\\kata-04-reservacion-de-vuelos-team-02-nov\\ReservacionDeVuelos\\src\\components\\atoms\\SignUpAtoms\\SignUpButtons.js","statementMap":{"0":{"start":{"line":9,"column":22},"end":{"line":27,"column":1}},"1":{"start":{"line":10,"column":48},"end":{"line":10,"column":63}},"2":{"start":{"line":11,"column":2},"end":{"line":14,"column":25}},"3":{"start":{"line":12,"column":16},"end":{"line":12,"column":48}},"4":{"start":{"line":13,"column":4},"end":{"line":13,"column":28}},"5":{"start":{"line":15,"column":2},"end":{"line":26,"column":4}}},"fnMap":{"0":{"name":"(anonymous_0)","decl":{"start":{"line":9,"column":22},"end":{"line":9,"column":23}},"loc":{"start":{"line":9,"column":74},"end":{"line":27,"column":1}},"line":9},"1":{"name":"(anonymous_1)","decl":{"start":{"line":11,"column":12},"end":{"line":11,"column":13}},"loc":{"start":{"line":11,"column":18},"end":{"line":14,"column":3}},"line":11}},"branchMap":{},"s":{"0":2,"1":1,"2":1,"3":0,"4":0,"5":1},"f":{"0":1,"1":0},"b":{},"_coverageSchema":"1a1c01bbd47fc00a2c39e90264f33305004495a9","hash":"a2fce7a1211f93b9f0c82b6f88dd15155d1c5509"}
,"D:\\Brightcoders\\kata-04-reservacion-de-vuelos-team-02-nov\\ReservacionDeVuelos\\src\\components\\atoms\\SignUpAtoms\\SignUpFormCheckBox.js": {"path":"D:\\Brightcoders\\kata-04-reservacion-de-vuelos-team-02-nov\\ReservacionDeVuelos\\src\\components\\atoms\\SignUpAtoms\\SignUpFormCheckBox.js","statementMap":{"0":{"start":{"line":5,"column":27},"end":{"line":25,"column":1}},"1":{"start":{"line":12,"column":6},"end":{"line":12,"column":11}},"2":{"start":{"line":13,"column":2},"end":{"line":24,"column":4}},"3":{"start":{"line":19,"column":10},"end":{"line":19,"column":56}}},"fnMap":{"0":{"name":"(anonymous_0)","decl":{"start":{"line":5,"column":27},"end":{"line":5,"column":28}},"loc":{"start":{"line":5,"column":38},"end":{"line":25,"column":1}},"line":5},"1":{"name":"(anonymous_1)","decl":{"start":{"line":18,"column":23},"end":{"line":18,"column":24}},"loc":{"start":{"line":19,"column":10},"end":{"line":19,"column":56}},"line":19}},"branchMap":{},"s":{"0":3,"1":1,"2":1,"3":1},"f":{"0":1,"1":1},"b":{},"_coverageSchema":"1a1c01bbd47fc00a2c39e90264f33305004495a9","hash":"36d7eaa9ddb453f3074ad8840b74f8678d1ab038"}
,"D:\\Brightcoders\\kata-04-reservacion-de-vuelos-team-02-nov\\ReservacionDeVuelos\\src\\components\\atoms\\SignUpAtoms\\SignUpFormInput.js": {"path":"D:\\Brightcoders\\kata-04-reservacion-de-vuelos-team-02-nov\\ReservacionDeVuelos\\src\\components\\atoms\\SignUpAtoms\\SignUpFormInput.js","statementMap":{"0":{"start":{"line":6,"column":24},"end":{"line":43,"column":1}},"1":{"start":{"line":16,"column":6},"end":{"line":16,"column":11}},"2":{"start":{"line":18,"column":2},"end":{"line":42,"column":4}},"3":{"start":{"line":31,"column":32},"end":{"line":31,"column":77}}},"fnMap":{"0":{"name":"(anonymous_0)","decl":{"start":{"line":6,"column":24},"end":{"line":6,"column":25}},"loc":{"start":{"line":6,"column":35},"end":{"line":43,"column":1}},"line":6},"1":{"name":"(anonymous_1)","decl":{"start":{"line":31,"column":22},"end":{"line":31,"column":23}},"loc":{"start":{"line":31,"column":32},"end":{"line":31,"column":77}},"line":31}},"branchMap":{"0":{"loc":{"start":{"line":22,"column":9},"end":{"line":22,"column":79}},"type":"binary-expr","locations":[{"start":{"line":22,"column":9},"end":{"line":22,"column":20}},{"start":{"line":22,"column":24},"end":{"line":22,"column":79}}],"line":22},"1":{"loc":{"start":{"line":29,"column":24},"end":{"line":29,"column":67}},"type":"cond-expr","locations":[{"start":{"line":29,"column":39},"end":{"line":29,"column":51}},{"start":{"line":29,"column":54},"end":{"line":29,"column":67}}],"line":29},"2":{"loc":{"start":{"line":33,"column":10},"end":{"line":33,"column":73}},"type":"cond-expr","locations":[{"start":{"line":33,"column":61},"end":{"line":33,"column":65}},{"start":{"line":33,"column":68},"end":{"line":33,"column":73}}],"line":33},"3":{"loc":{"start":{"line":36,"column":7},"end":{"line":40,"column":7}},"type":"binary-expr","locations":[{"start":{"line":36,"column":7},"end":{"line":36,"column":55}},{"start":{"line":37,"column":8},"end":{"line":39,"column":15}}],"line":36}},"s":{"0":3,"1":11,"2":11,"3":1},"f":{"0":11,"1":1},"b":{"0":[11,0],"1":[11,0],"2":[1,10],"3":[11,1]},"_coverageSchema":"1a1c01bbd47fc00a2c39e90264f33305004495a9","hash":"4582b16061ffe41223b319cd7391c08711b71428"}
,"D:\\Brightcoders\\kata-04-reservacion-de-vuelos-team-02-nov\\ReservacionDeVuelos\\src\\components\\atoms\\SignUpAtoms\\SignUpTitle.js": {"path":"D:\\Brightcoders\\kata-04-reservacion-de-vuelos-team-02-nov\\ReservacionDeVuelos\\src\\components\\atoms\\SignUpAtoms\\SignUpTitle.js","statementMap":{"0":{"start":{"line":5,"column":20},"end":{"line":7,"column":1}},"1":{"start":{"line":6,"column":2},"end":{"line":6,"column":94}}},"fnMap":{"0":{"name":"(anonymous_0)","decl":{"start":{"line":5,"column":20},"end":{"line":5,"column":21}},"loc":{"start":{"line":5,"column":26},"end":{"line":7,"column":1}},"line":5}},"branchMap":{},"s":{"0":2,"1":3},"f":{"0":3},"b":{},"_coverageSchema":"1a1c01bbd47fc00a2c39e90264f33305004495a9","hash":"9385adb41170d7cfe372a7b899f81036ec335b7d"}
,"D:\\Brightcoders\\kata-04-reservacion-de-vuelos-team-02-nov\\ReservacionDeVuelos\\src\\components\\molecules\\SignUpForm.js": {"path":"D:\\Brightcoders\\kata-04-reservacion-de-vuelos-team-02-nov\\ReservacionDeVuelos\\src\\components\\molecules\\SignUpForm.js","statementMap":{"0":{"start":{"line":14,"column":19},"end":{"line":66,"column":1}},"1":{"start":{"line":15,"column":38},"end":{"line":15,"column":43}},"2":{"start":{"line":16,"column":2},"end":{"line":65,"column":4}}},"fnMap":{"0":{"name":"(anonymous_0)","decl":{"start":{"line":14,"column":19},"end":{"line":14,"column":20}},"loc":{"start":{"line":14,"column":30},"end":{"line":66,"column":1}},"line":14}},"branchMap":{},"s":{"0":2,"1":2,"2":2},"f":{"0":2},"b":{},"_coverageSchema":"1a1c01bbd47fc00a2c39e90264f33305004495a9","hash":"60868c262a06b3426db24724cdcb25f9234e0aca"}
,"D:\\Brightcoders\\kata-04-reservacion-de-vuelos-team-02-nov\\ReservacionDeVuelos\\src\\screens\\SignUp.js": {"path":"D:\\Brightcoders\\kata-04-reservacion-de-vuelos-team-02-nov\\ReservacionDeVuelos\\src\\screens\\SignUp.js","statementMap":{"0":{"start":{"line":8,"column":15},"end":{"line":40,"column":1}},"1":{"start":{"line":9,"column":38},"end":{"line":21,"column":4}},"2":{"start":{"line":22,"column":27},"end":{"line":28,"column":3}},"3":{"start":{"line":29,"column":2},"end":{"line":39,"column":4}}},"fnMap":{"0":{"name":"(anonymous_0)","decl":{"start":{"line":8,"column":15},"end":{"line":8,"column":16}},"loc":{"start":{"line":8,"column":21},"end":{"line":40,"column":1}},"line":8}},"branchMap":{},"s":{"0":1,"1":2,"2":2,"3":2},"f":{"0":2},"b":{},"_coverageSchema":"1a1c01bbd47fc00a2c39e90264f33305004495a9","hash":"52a39b283d1ca619fe50df62ec321a74d09f92a1"}
,"D:\\Brightcoders\\kata-04-reservacion-de-vuelos-team-02-nov\\ReservacionDeVuelos\\src\\styles\\Colors.js": {"path":"D:\\Brightcoders\\kata-04-reservacion-de-vuelos-team-02-nov\\ReservacionDeVuelos\\src\\styles\\Colors.js","statementMap":{"0":{"start":{"line":1,"column":22},"end":{"line":8,"column":1}}},"fnMap":{},"branchMap":{},"s":{"0":9},"f":{},"b":{},"_coverageSchema":"1a1c01bbd47fc00a2c39e90264f33305004495a9","hash":"443153136f6a3dbb677312be31074d553ce43cd0"}
,"D:\\Brightcoders\\kata-04-reservacion-de-vuelos-team-02-nov\\ReservacionDeVuelos\\src\\styles\\SignUpStyles\\index.js": {"path":"D:\\Brightcoders\\kata-04-reservacion-de-vuelos-team-02-nov\\ReservacionDeVuelos\\src\\styles\\SignUpStyles\\index.js","statementMap":{"0":{"start":{"line":4,"column":22},"end":{"line":80,"column":2}}},"fnMap":{},"branchMap":{},"s":{"0":9},"f":{},"b":{},"_coverageSchema":"1a1c01bbd47fc00a2c39e90264f33305004495a9","hash":"e33e9ebfbdc685422db84043b5caa5020351020d"}
,"D:\\Brightcoders\\kata-04-reservacion-de-vuelos-team-02-nov\\ReservacionDeVuelos\\src\\utils\\Constants\\SignUpConstants.js": {"path":"D:\\Brightcoders\\kata-04-reservacion-de-vuelos-team-02-nov\\ReservacionDeVuelos\\src\\utils\\Constants\\SignUpConstants.js","statementMap":{"0":{"start":{"line":1,"column":20},"end":{"line":1,"column":29}},"1":{"start":{"line":2,"column":23},"end":{"line":2,"column":35}},"2":{"start":{"line":3,"column":24},"end":{"line":3,"column":33}},"3":{"start":{"line":4,"column":27},"end":{"line":4,"column":39}},"4":{"start":{"line":5,"column":27},"end":{"line":5,"column":69}},"5":{"start":{"line":6,"column":29},"end":{"line":6,"column":68}},"6":{"start":{"line":8,"column":2},"end":{"line":8,"column":73}},"7":{"start":{"line":9,"column":21},"end":{"line":9,"column":30}},"8":{"start":{"line":10,"column":27},"end":{"line":10,"column":48}},"9":{"start":{"line":11,"column":21},"end":{"line":11,"column":47}},"10":{"start":{"line":12,"column":14},"end":{"line":12,"column":22}},"11":{"start":{"line":13,"column":25},"end":{"line":13,"column":58}},"12":{"start":{"line":14,"column":26},"end":{"line":14,"column":48}},"13":{"start":{"line":15,"column":29},"end":{"line":15,"column":60}},"14":{"start":{"line":16,"column":11},"end":{"line":16,"column":15}},"15":{"start":{"line":17,"column":31},"end":{"line":34,"column":1}}},"fnMap":{},"branchMap":{},"s":{"0":8,"1":8,"2":8,"3":8,"4":8,"5":8,"6":8,"7":8,"8":8,"9":8,"10":8,"11":8,"12":8,"13":8,"14":8,"15":8},"f":{},"b":{},"_coverageSchema":"1a1c01bbd47fc00a2c39e90264f33305004495a9","hash":"b8446c6d7b00b4d40c4cbba2806a48b4ae44c75e"}
,"D:\\Brightcoders\\kata-04-reservacion-de-vuelos-team-02-nov\\ReservacionDeVuelos\\src\\utils\\Constants\\index.js": {"path":"D:\\Brightcoders\\kata-04-reservacion-de-vuelos-team-02-nov\\ReservacionDeVuelos\\src\\utils\\Constants\\index.js","statementMap":{},"fnMap":{},"branchMap":{},"s":{},"f":{},"b":{},"_coverageSchema":"1a1c01bbd47fc00a2c39e90264f33305004495a9","hash":"dc8db3605341719ba86f1d7ed654f7ec3d4e8b69"}
,"D:\\Brightcoders\\kata-04-reservacion-de-vuelos-team-02-nov\\ReservacionDeVuelos\\src\\utils\\Functions\\SignUpFunctions.js": {"path":"D:\\Brightcoders\\kata-04-reservacion-de-vuelos-team-02-nov\\ReservacionDeVuelos\\src\\utils\\Functions\\SignUpFunctions.js","statementMap":{"0":{"start":{"line":1,"column":37},"end":{"line":12,"column":1}},"1":{"start":{"line":2,"column":2},"end":{"line":11,"column":3}},"2":{"start":{"line":3,"column":4},"end":{"line":8,"column":7}},"3":{"start":{"line":10,"column":4},"end":{"line":10,"column":79}},"4":{"start":{"line":14,"column":19},"end":{"line":14,"column":35}},"5":{"start":{"line":15,"column":38},"end":{"line":31,"column":1}},"6":{"start":{"line":16,"column":2},"end":{"line":30,"column":3}},"7":{"start":{"line":17,"column":4},"end":{"line":22,"column":7}},"8":{"start":{"line":24,"column":4},"end":{"line":29,"column":7}},"9":{"start":{"line":33,"column":39},"end":{"line":35,"column":1}},"10":{"start":{"line":34,"column":2},"end":{"line":34,"column":48}},"11":{"start":{"line":36,"column":41},"end":{"line":38,"column":1}},"12":{"start":{"line":37,"column":2},"end":{"line":37,"column":50}},"13":{"start":{"line":39,"column":41},"end":{"line":55,"column":1}},"14":{"start":{"line":40,"column":2},"end":{"line":54,"column":3}},"15":{"start":{"line":41,"column":4},"end":{"line":46,"column":7}},"16":{"start":{"line":48,"column":4},"end":{"line":53,"column":7}},"17":{"start":{"line":57,"column":30},"end":{"line":76,"column":1}},"18":{"start":{"line":64,"column":6},"end":{"line":64,"column":22}},"19":{"start":{"line":65,"column":2},"end":{"line":75,"column":3}},"20":{"start":{"line":72,"column":4},"end":{"line":72,"column":16}},"21":{"start":{"line":74,"column":4},"end":{"line":74,"column":17}},"22":{"start":{"line":78,"column":28},"end":{"line":83,"column":1}},"23":{"start":{"line":79,"column":34},"end":{"line":79,"column":44}},"24":{"start":{"line":80,"column":2},"end":{"line":80,"column":20}},"25":{"start":{"line":81,"column":2},"end":{"line":81,"column":21}},"26":{"start":{"line":82,"column":2},"end":{"line":82,"column":24}}},"fnMap":{"0":{"name":"(anonymous_0)","decl":{"start":{"line":1,"column":37},"end":{"line":1,"column":38}},"loc":{"start":{"line":1,"column":68},"end":{"line":12,"column":1}},"line":1},"1":{"name":"(anonymous_1)","decl":{"start":{"line":15,"column":38},"end":{"line":15,"column":39}},"loc":{"start":{"line":15,"column":69},"end":{"line":31,"column":1}},"line":15},"2":{"name":"(anonymous_2)","decl":{"start":{"line":33,"column":39},"end":{"line":33,"column":40}},"loc":{"start":{"line":33,"column":70},"end":{"line":35,"column":1}},"line":33},"3":{"name":"(anonymous_3)","decl":{"start":{"line":36,"column":41},"end":{"line":36,"column":42}},"loc":{"start":{"line":36,"column":72},"end":{"line":38,"column":1}},"line":36},"4":{"name":"(anonymous_4)","decl":{"start":{"line":39,"column":41},"end":{"line":39,"column":42}},"loc":{"start":{"line":39,"column":72},"end":{"line":55,"column":1}},"line":39},"5":{"name":"(anonymous_5)","decl":{"start":{"line":57,"column":30},"end":{"line":57,"column":31}},"loc":{"start":{"line":57,"column":52},"end":{"line":76,"column":1}},"line":57},"6":{"name":"(anonymous_6)","decl":{"start":{"line":78,"column":28},"end":{"line":78,"column":29}},"loc":{"start":{"line":78,"column":44},"end":{"line":83,"column":1}},"line":78}},"branchMap":{"0":{"loc":{"start":{"line":2,"column":2},"end":{"line":11,"column":3}},"type":"if","locations":[{"start":{"line":2,"column":2},"end":{"line":11,"column":3}},{"start":{"line":2,"column":2},"end":{"line":11,"column":3}}],"line":2},"1":{"loc":{"start":{"line":16,"column":2},"end":{"line":30,"column":3}},"type":"if","locations":[{"start":{"line":16,"column":2},"end":{"line":30,"column":3}},{"start":{"line":16,"column":2},"end":{"line":30,"column":3}}],"line":16},"2":{"loc":{"start":{"line":40,"column":2},"end":{"line":54,"column":3}},"type":"if","locations":[{"start":{"line":40,"column":2},"end":{"line":54,"column":3}},{"start":{"line":40,"column":2},"end":{"line":54,"column":3}}],"line":40},"3":{"loc":{"start":{"line":65,"column":2},"end":{"line":75,"column":3}},"type":"if","locations":[{"start":{"line":65,"column":2},"end":{"line":75,"column":3}},{"start":{"line":65,"column":2},"end":{"line":75,"column":3}}],"line":65},"4":{"loc":{"start":{"line":66,"column":4},"end":{"line":70,"column":30}},"type":"binary-expr","locations":[{"start":{"line":66,"column":4},"end":{"line":66,"column":18}},{"start":{"line":67,"column":4},"end":{"line":67,"column":20}},{"start":{"line":68,"column":4},"end":{"line":68,"column":26}},{"start":{"line":69,"column":4},"end":{"line":69,"column":27}},{"start":{"line":70,"column":4},"end":{"line":70,"column":30}}],"line":66}},"s":{"0":3,"1":0,"2":0,"3":0,"4":3,"5":3,"6":0,"7":0,"8":0,"9":3,"10":0,"11":3,"12":0,"13":3,"14":0,"15":0,"16":0,"17":3,"18":0,"19":0,"20":0,"21":0,"22":3,"23":0,"24":0,"25":0,"26":0},"f":{"0":0,"1":0,"2":0,"3":0,"4":0,"5":0,"6":0},"b":{"0":[0,0],"1":[0,0],"2":[0,0],"3":[0,0],"4":[0,0,0,0,0]},"_coverageSchema":"1a1c01bbd47fc00a2c39e90264f33305004495a9","hash":"74e6410ea7757cdb471495df307c83b2df23beae"}
,"D:\\Brightcoders\\kata-04-reservacion-de-vuelos-team-02-nov\\ReservacionDeVuelos\\src\\utils\\Functions\\index.js": {"path":"D:\\Brightcoders\\kata-04-reservacion-de-vuelos-team-02-nov\\ReservacionDeVuelos\\src\\utils\\Functions\\index.js","statementMap":{},"fnMap":{},"branchMap":{},"s":{},"f":{},"b":{},"_coverageSchema":"1a1c01bbd47fc00a2c39e90264f33305004495a9","hash":"9b054e41ea429c7808f9f3315baa8a08bae1e4a2"}
}
