TN:
SF:src\assets\images\google.png
FNF:0
FNH:0
DA:1,3
LF:1
LH:1
BRF:0
BRH:0
end_of_record
TN:
SF:src\components\atoms\SignUpAtoms\GoogleSignUp.js
FN:6,(anonymous_0)
FNF:1
FNH:1
FNDA:3,(anonymous_0)
DA:6,3
DA:7,3
LF:2
LH:2
BRF:0
BRH:0
end_of_record
TN:
SF:src\components\atoms\SignUpAtoms\LoginMessage.js
FN:5,(anonymous_0)
FNF:1
FNH:1
FNDA:1,(anonymous_0)
DA:5,3
DA:6,1
LF:2
LH:2
BRF:0
BRH:0
end_of_record
TN:
SF:src\components\atoms\SignUpAtoms\SignUpButton.js
FN:7,(anonymous_0)
FN:15,(anonymous_1)
FNF:2
FNH:2
FNDA:10,(anonymous_0)
FNDA:2,(anonymous_1)
DA:7,3
DA:8,10
DA:16,2
LF:3
LH:3
BRDA:13,0,0,1
BRDA:13,0,1,9
BRDA:16,1,0,1
BRDA:16,1,1,1
BRF:4
BRH:4
end_of_record
TN:
SF:src\components\atoms\SignUpAtoms\SignUpButtons.js
FN:9,(anonymous_0)
FN:11,(anonymous_1)
FNF:2
FNH:1
FNDA:1,(anonymous_0)
FNDA:0,(anonymous_1)
DA:9,2
DA:10,1
DA:11,1
DA:12,0
DA:13,0
DA:15,1
LF:6
LH:4
BRF:0
BRH:0
end_of_record
TN:
SF:src\components\atoms\SignUpAtoms\SignUpFormCheckBox.js
FN:5,(anonymous_0)
FN:18,(anonymous_1)
FNF:2
FNH:2
FNDA:1,(anonymous_0)
FNDA:1,(anonymous_1)
DA:5,3
DA:12,1
DA:13,1
DA:19,1
LF:4
LH:4
BRF:0
BRH:0
end_of_record
TN:
SF:src\components\atoms\SignUpAtoms\SignUpFormInput.js
FN:6,(anonymous_0)
FN:31,(anonymous_1)
FNF:2
FNH:2
FNDA:11,(anonymous_0)
FNDA:1,(anonymous_1)
DA:6,3
DA:16,11
DA:18,11
DA:31,1
LF:4
LH:4
BRDA:22,0,0,11
BRDA:22,0,1,0
BRDA:29,1,0,11
BRDA:29,1,1,0
BRDA:33,2,0,1
BRDA:33,2,1,10
BRDA:36,3,0,11
BRDA:36,3,1,1
BRF:8
BRH:6
end_of_record
TN:
SF:src\components\atoms\SignUpAtoms\SignUpTitle.js
FN:5,(anonymous_0)
FNF:1
FNH:1
FNDA:3,(anonymous_0)
DA:5,2
DA:6,3
LF:2
LH:2
BRF:0
BRH:0
end_of_record
TN:
SF:src\components\molecules\SignUpForm.js
FN:14,(anonymous_0)
FNF:1
FNH:1
FNDA:2,(anonymous_0)
DA:14,2
DA:15,2
DA:16,2
LF:3
LH:3
BRF:0
BRH:0
end_of_record
TN:
SF:src\screens\SignUp.js
FN:8,(anonymous_0)
FNF:1
FNH:1
FNDA:2,(anonymous_0)
DA:8,1
DA:9,2
DA:22,2
DA:29,2
LF:4
LH:4
BRF:0
BRH:0
end_of_record
TN:
SF:src\styles\Colors.js
FNF:0
FNH:0
DA:1,9
LF:1
LH:1
BRF:0
BRH:0
end_of_record
TN:
SF:src\styles\SignUpStyles\index.js
FNF:0
FNH:0
DA:4,9
LF:1
LH:1
BRF:0
BRH:0
end_of_record
TN:
SF:src\utils\Constants\SignUpConstants.js
FNF:0
FNH:0
DA:1,8
DA:2,8
DA:3,8
DA:4,8
DA:5,8
DA:6,8
DA:8,8
DA:9,8
DA:10,8
DA:11,8
DA:12,8
DA:13,8
DA:14,8
DA:15,8
DA:16,8
DA:17,8
LF:16
LH:16
BRF:0
BRH:0
end_of_record
TN:
SF:src\utils\Constants\index.js
FNF:0
FNH:0
LF:0
LH:0
BRF:0
BRH:0
end_of_record
TN:
SF:src\utils\Functions\SignUpFunctions.js
FN:1,(anonymous_0)
FN:15,(anonymous_1)
FN:33,(anonymous_2)
FN:36,(anonymous_3)
FN:39,(anonymous_4)
FN:57,(anonymous_5)
FN:78,(anonymous_6)
FNF:7
FNH:0
FNDA:0,(anonymous_0)
FNDA:0,(anonymous_1)
FNDA:0,(anonymous_2)
FNDA:0,(anonymous_3)
FNDA:0,(anonymous_4)
FNDA:0,(anonymous_5)
FNDA:0,(anonymous_6)
DA:1,3
DA:2,0
DA:3,0
DA:10,0
DA:14,3
DA:15,3
DA:16,0
DA:17,0
DA:24,0
DA:33,3
DA:34,0
DA:36,3
DA:37,0
DA:39,3
DA:40,0
DA:41,0
DA:48,0
DA:57,3
DA:64,0
DA:65,0
DA:72,0
DA:74,0
DA:78,3
DA:79,0
DA:80,0
DA:81,0
DA:82,0
LF:27
LH:8
BRDA:2,0,0,0
BRDA:2,0,1,0
BRDA:16,1,0,0
BRDA:16,1,1,0
BRDA:40,2,0,0
BRDA:40,2,1,0
BRDA:65,3,0,0
BRDA:65,3,1,0
BRDA:66,4,0,0
BRDA:66,4,1,0
BRDA:66,4,2,0
BRDA:66,4,3,0
BRDA:66,4,4,0
BRF:13
BRH:0
end_of_record
TN:
SF:src\utils\Functions\index.js
FNF:0
FNH:0
LF:0
LH:0
BRF:0
BRH:0
end_of_record
